2018-08-06 14:38:08.573 [INFO ] [org.springframework.boot.StartupInfoLogger:50] - Starting WebApplication on DESKTOP-QCS4UDO with PID 12724 (F:\sprotwork\git\sports\sports-parent\sports-web\target\classes started by Yao in F:\sprotwork\git\sports\sports-parent\sports-web)
2018-08-06 14:38:08.576 [INFO ] [org.springframework.boot.SpringApplication:662] - No active profile set, falling back to default profiles: default
2018-08-06 14:38:19.991 [INFO ] [org.apache.juli.logging.DirectJDKLog:180] - Initializing ProtocolHandler ["http-nio-8082"]
2018-08-06 14:38:20.033 [INFO ] [org.apache.juli.logging.DirectJDKLog:180] - Starting service [Tomcat]
2018-08-06 14:38:20.033 [INFO ] [org.apache.juli.logging.DirectJDKLog:180] - Starting Servlet Engine: Apache Tomcat/8.5.32
2018-08-06 14:38:20.061 [INFO ] [org.apache.juli.logging.DirectJDKLog:180] - The APR based Apache Tomcat Native library which allows optimal performance in production environments was not found on the java.library.path: [D:\ProgramFiles\Java\jdk1.8\bin;C:\WINDOWS\Sun\Java\bin;C:\WINDOWS\system32;C:\WINDOWS;D:/ProgramFiles/Java/jdk1.8/bin/../jre/bin/server;D:/ProgramFiles/Java/jdk1.8/bin/../jre/bin;D:/ProgramFiles/Java/jdk1.8/bin/../jre/lib/amd64;C:\Program Files (x86)\Intel\iCLS Client\;C:\Program Files\Intel\iCLS Client\;C:\WINDOWS\system32;C:\WINDOWS;C:\WINDOWS\System32\Wbem;C:\WINDOWS\System32\WindowsPowerShell\v1.0\;C:\Program Files (x86)\Intel\Intel(R) Management Engine Components\DAL;C:\Program Files\Intel\Intel(R) Management Engine Components\DAL;C:\Program Files (x86)\Intel\Intel(R) Management Engine Components\IPT;C:\Program Files\Intel\Intel(R) Management Engine Components\IPT;C:\Program Files (x86)\ATI Technologies\ATI.ACE\Core-Static;D:\ProgramFiles\Java\jdk1.8\bin;D:\ProgramFiles\Java\jdk1.8\jre\bin;D:\ProgramFiles\TortoiseSVN\bin;C:\Program Files\OpenVPN\bin;C:\Program Files\IDM Computer Solutions\UltraEdit;C:\Program Files\nodejs\;C:\Program Files\Intel\WiFi\bin\;C:\Program Files\Common Files\Intel\WirelessCommon\;C:\WINDOWS\System32\OpenSSH\;C:\Program Files\Git\cmd;C:\Ruby23-x64\bin;C:\Users\yaoya\AppData\Local\Microsoft\WindowsApps;C:\Users\yaoya\AppData\Roaming\npm;%M2_HOME%\bin;D:\ProgramFiles\gradle-4.9\bin;;C:\WINDOWS\System32;;.]
2018-08-06 14:38:20.869 [INFO ] [org.apache.juli.logging.DirectJDKLog:180] - Initializing Spring embedded WebApplicationContext
2018-08-06 14:38:20.870 [INFO ] [org.springframework.boot.web.servlet.context.ServletWebServerApplicationContext:285] - Root WebApplicationContext: initialization completed in 12125 ms
2018-08-06 14:38:22.406 [INFO ] [org.springframework.web.servlet.handler.AbstractUrlHandlerMapping:373] - Mapped URL path [/**/favicon.ico] onto handler of type [class org.springframework.web.servlet.resource.ResourceHttpRequestHandler]
2018-08-06 14:38:22.757 [INFO ] [org.springframework.web.servlet.mvc.method.annotation.RequestMappingHandlerAdapter:574] - Looking for @ControllerAdvice: org.springframework.boot.web.servlet.context.AnnotationConfigServletWebServerApplicationContext@49d904ec: startup date [Mon Aug 06 14:38:08 CST 2018]; root of context hierarchy
2018-08-06 14:38:22.914 [INFO ] [org.springframework.web.servlet.handler.AbstractHandlerMethodMapping$MappingRegistry:547] - Mapped "{[/hello]}" onto public java.lang.String org.sports.web.controller.FootballIndexController.hello()
2018-08-06 14:38:22.918 [INFO ] [org.springframework.web.servlet.handler.AbstractHandlerMethodMapping$MappingRegistry:547] - Mapped "{[/data]}" onto public java.util.List<org.sports.core.model.ExponentData> org.sports.web.controller.FootballIndexController.getdata()
2018-08-06 14:38:22.926 [INFO ] [org.springframework.web.servlet.handler.AbstractHandlerMethodMapping$MappingRegistry:547] - Mapped "{[/error]}" onto public org.springframework.http.ResponseEntity<java.util.Map<java.lang.String, java.lang.Object>> org.springframework.boot.autoconfigure.web.servlet.error.BasicErrorController.error(javax.servlet.http.HttpServletRequest)
2018-08-06 14:38:22.927 [INFO ] [org.springframework.web.servlet.handler.AbstractHandlerMethodMapping$MappingRegistry:547] - Mapped "{[/error],produces=[text/html]}" onto public org.springframework.web.servlet.ModelAndView org.springframework.boot.autoconfigure.web.servlet.error.BasicErrorController.errorHtml(javax.servlet.http.HttpServletRequest,javax.servlet.http.HttpServletResponse)
2018-08-06 14:38:22.987 [INFO ] [org.springframework.web.servlet.handler.AbstractUrlHandlerMapping:373] - Mapped URL path [/webjars/**] onto handler of type [class org.springframework.web.servlet.resource.ResourceHttpRequestHandler]
2018-08-06 14:38:22.988 [INFO ] [org.springframework.web.servlet.handler.AbstractUrlHandlerMapping:373] - Mapped URL path [/**] onto handler of type [class org.springframework.web.servlet.resource.ResourceHttpRequestHandler]
2018-08-06 14:38:24.449 [INFO ] [org.apache.juli.logging.DirectJDKLog:180] - Starting ProtocolHandler ["http-nio-8082"]
2018-08-06 14:38:24.485 [INFO ] [org.apache.juli.logging.DirectJDKLog:180] - Using a shared selector for servlet write/read
2018-08-06 14:38:24.667 [INFO ] [org.springframework.boot.StartupInfoLogger:59] - Started WebApplication in 17.393 seconds (JVM running for 19.665)
2018-08-06 14:39:20.719 [INFO ] [org.apache.juli.logging.DirectJDKLog:180] - Initializing Spring FrameworkServlet 'dispatcherServlet'
2018-08-06 14:39:20.720 [INFO ] [org.springframework.web.servlet.FrameworkServlet:494] - FrameworkServlet 'dispatcherServlet': initialization started
2018-08-06 14:39:20.796 [INFO ] [org.springframework.web.servlet.FrameworkServlet:509] - FrameworkServlet 'dispatcherServlet': initialization completed in 75 ms
2018-08-06 14:40:17.284 [INFO ] [org.springframework.boot.StartupInfoLogger:50] - Starting WebApplication on DESKTOP-QCS4UDO with PID 23896 (F:\sprotwork\git\sports\sports-parent\sports-web\target\classes started by Yao in F:\sprotwork\git\sports\sports-parent\sports-web)
2018-08-06 14:40:17.291 [INFO ] [org.springframework.boot.SpringApplication:662] - No active profile set, falling back to default profiles: default
2018-08-06 14:40:35.903 [INFO ] [org.springframework.boot.StartupInfoLogger:50] - Starting WebApplication on DESKTOP-QCS4UDO with PID 16240 (F:\sprotwork\git\sports\sports-parent\sports-web\target\classes started by Yao in F:\sprotwork\git\sports\sports-parent\sports-web)
2018-08-06 14:40:35.907 [INFO ] [org.springframework.boot.SpringApplication:662] - No active profile set, falling back to default profiles: default
2018-08-06 14:40:39.511 [INFO ] [org.apache.juli.logging.DirectJDKLog:180] - Initializing ProtocolHandler ["http-nio-8082"]
2018-08-06 14:40:39.539 [INFO ] [org.apache.juli.logging.DirectJDKLog:180] - Starting service [Tomcat]
2018-08-06 14:40:39.540 [INFO ] [org.apache.juli.logging.DirectJDKLog:180] - Starting Servlet Engine: Apache Tomcat/8.5.32
2018-08-06 14:40:39.560 [INFO ] [org.apache.juli.logging.DirectJDKLog:180] - The APR based Apache Tomcat Native library which allows optimal performance in production environments was not found on the java.library.path: [D:\ProgramFiles\Java\jdk1.8\bin;C:\WINDOWS\Sun\Java\bin;C:\WINDOWS\system32;C:\WINDOWS;D:/ProgramFiles/Java/jdk1.8/bin/../jre/bin/server;D:/ProgramFiles/Java/jdk1.8/bin/../jre/bin;D:/ProgramFiles/Java/jdk1.8/bin/../jre/lib/amd64;C:\Program Files (x86)\Intel\iCLS Client\;C:\Program Files\Intel\iCLS Client\;C:\WINDOWS\system32;C:\WINDOWS;C:\WINDOWS\System32\Wbem;C:\WINDOWS\System32\WindowsPowerShell\v1.0\;C:\Program Files (x86)\Intel\Intel(R) Management Engine Components\DAL;C:\Program Files\Intel\Intel(R) Management Engine Components\DAL;C:\Program Files (x86)\Intel\Intel(R) Management Engine Components\IPT;C:\Program Files\Intel\Intel(R) Management Engine Components\IPT;C:\Program Files (x86)\ATI Technologies\ATI.ACE\Core-Static;D:\ProgramFiles\Java\jdk1.8\bin;D:\ProgramFiles\Java\jdk1.8\jre\bin;D:\ProgramFiles\TortoiseSVN\bin;C:\Program Files\OpenVPN\bin;C:\Program Files\IDM Computer Solutions\UltraEdit;C:\Program Files\nodejs\;C:\Program Files\Intel\WiFi\bin\;C:\Program Files\Common Files\Intel\WirelessCommon\;C:\WINDOWS\System32\OpenSSH\;C:\Program Files\Git\cmd;C:\Ruby23-x64\bin;C:\Users\yaoya\AppData\Local\Microsoft\WindowsApps;C:\Users\yaoya\AppData\Roaming\npm;%M2_HOME%\bin;D:\ProgramFiles\gradle-4.9\bin;;C:\WINDOWS\System32;;.]
2018-08-06 14:40:39.754 [INFO ] [org.apache.juli.logging.DirectJDKLog:180] - Initializing Spring embedded WebApplicationContext
2018-08-06 14:40:39.755 [INFO ] [org.springframework.boot.web.servlet.context.ServletWebServerApplicationContext:285] - Root WebApplicationContext: initialization completed in 3703 ms
2018-08-06 14:40:40.749 [INFO ] [org.springframework.web.servlet.handler.AbstractUrlHandlerMapping:373] - Mapped URL path [/**/favicon.ico] onto handler of type [class org.springframework.web.servlet.resource.ResourceHttpRequestHandler]
2018-08-06 14:40:41.110 [INFO ] [org.springframework.web.servlet.mvc.method.annotation.RequestMappingHandlerAdapter:574] - Looking for @ControllerAdvice: org.springframework.boot.web.servlet.context.AnnotationConfigServletWebServerApplicationContext@659a969b: startup date [Mon Aug 06 14:40:36 CST 2018]; root of context hierarchy
2018-08-06 14:40:41.278 [INFO ] [org.springframework.web.servlet.handler.AbstractHandlerMethodMapping$MappingRegistry:547] - Mapped "{[/hello]}" onto public java.lang.String org.sports.web.controller.FootballIndexController.hello()
2018-08-06 14:40:41.280 [INFO ] [org.springframework.web.servlet.handler.AbstractHandlerMethodMapping$MappingRegistry:547] - Mapped "{[/data]}" onto public java.util.List<org.sports.core.model.ExponentData> org.sports.web.controller.FootballIndexController.getdata()
2018-08-06 14:40:41.292 [INFO ] [org.springframework.web.servlet.handler.AbstractHandlerMethodMapping$MappingRegistry:547] - Mapped "{[/error]}" onto public org.springframework.http.ResponseEntity<java.util.Map<java.lang.String, java.lang.Object>> org.springframework.boot.autoconfigure.web.servlet.error.BasicErrorController.error(javax.servlet.http.HttpServletRequest)
2018-08-06 14:40:41.293 [INFO ] [org.springframework.web.servlet.handler.AbstractHandlerMethodMapping$MappingRegistry:547] - Mapped "{[/error],produces=[text/html]}" onto public org.springframework.web.servlet.ModelAndView org.springframework.boot.autoconfigure.web.servlet.error.BasicErrorController.errorHtml(javax.servlet.http.HttpServletRequest,javax.servlet.http.HttpServletResponse)
2018-08-06 14:40:41.348 [INFO ] [org.springframework.web.servlet.handler.AbstractUrlHandlerMapping:373] - Mapped URL path [/webjars/**] onto handler of type [class org.springframework.web.servlet.resource.ResourceHttpRequestHandler]
2018-08-06 14:40:41.349 [INFO ] [org.springframework.web.servlet.handler.AbstractUrlHandlerMapping:373] - Mapped URL path [/static/**] onto handler of type [class org.springframework.web.servlet.resource.ResourceHttpRequestHandler]
2018-08-06 14:40:42.033 [INFO ] [org.apache.juli.logging.DirectJDKLog:180] - Starting ProtocolHandler ["http-nio-8082"]
2018-08-06 14:40:42.060 [INFO ] [org.apache.juli.logging.DirectJDKLog:180] - Using a shared selector for servlet write/read
2018-08-06 14:40:42.114 [INFO ] [org.springframework.boot.StartupInfoLogger:59] - Started WebApplication in 6.97 seconds (JVM running for 7.924)
2018-08-06 14:40:47.106 [INFO ] [org.apache.juli.logging.DirectJDKLog:180] - Initializing Spring FrameworkServlet 'dispatcherServlet'
2018-08-06 14:40:47.108 [INFO ] [org.springframework.web.servlet.FrameworkServlet:494] - FrameworkServlet 'dispatcherServlet': initialization started
2018-08-06 14:40:47.168 [INFO ] [org.springframework.web.servlet.FrameworkServlet:509] - FrameworkServlet 'dispatcherServlet': initialization completed in 60 ms
2018-08-06 14:42:26.383 [INFO ] [com.zaxxer.hikari.HikariDataSource:110] - HikariPool-1 - Starting...
2018-08-06 14:42:27.376 [INFO ] [com.zaxxer.hikari.HikariDataSource:123] - HikariPool-1 - Start completed.
